{"/Users/sb/study/nodebird/controllers/user.js": {"path":"/Users/sb/study/nodebird/controllers/user.js","statementMap":{"0":{"start":{"line":1,"column":13},"end":{"line":1,"column":38}},"1":{"start":{"line":3,"column":0},"end":{"line":17,"column":2}},"2":{"start":{"line":4,"column":4},"end":{"line":16,"column":5}},"3":{"start":{"line":5,"column":21},"end":{"line":5,"column":71}},"4":{"start":{"line":6,"column":8},"end":{"line":12,"column":9}},"5":{"start":{"line":8,"column":12},"end":{"line":8,"column":65}},"6":{"start":{"line":9,"column":12},"end":{"line":9,"column":32}},"7":{"start":{"line":11,"column":12},"end":{"line":11,"column":44}},"8":{"start":{"line":14,"column":8},"end":{"line":14,"column":29}},"9":{"start":{"line":15,"column":8},"end":{"line":15,"column":20}}},"fnMap":{"0":{"name":"(anonymous_0)","decl":{"start":{"line":3,"column":23},"end":{"line":3,"column":24}},"loc":{"start":{"line":3,"column":49},"end":{"line":17,"column":1}},"line":3}},"branchMap":{"0":{"loc":{"start":{"line":6,"column":8},"end":{"line":12,"column":9}},"type":"if","locations":[{"start":{"line":6,"column":8},"end":{"line":12,"column":9}},{"start":{"line":6,"column":8},"end":{"line":12,"column":9}}],"line":6}},"s":{"0":1,"1":1,"2":2,"3":2,"4":1,"5":1,"6":1,"7":0,"8":1,"9":1},"f":{"0":2},"b":{"0":[1,0]},"_coverageSchema":"1a1c01bbd47fc00a2c39e90264f33305004495a9","hash":"29a3e61243979c102e6679355c8b97a9b06597b9"}
,"/Users/sb/study/nodebird/models/user.js": {"path":"/Users/sb/study/nodebird/models/user.js","statementMap":{"0":{"start":{"line":1,"column":18},"end":{"line":1,"column":38}},"1":{"start":{"line":3,"column":0},"end":{"line":53,"column":2}},"2":{"start":{"line":5,"column":8},"end":{"line":37,"column":11}},"3":{"start":{"line":41,"column":8},"end":{"line":41,"column":33}},"4":{"start":{"line":42,"column":8},"end":{"line":46,"column":11}},"5":{"start":{"line":47,"column":8},"end":{"line":51,"column":11}}},"fnMap":{"0":{"name":"(anonymous_0)","decl":{"start":{"line":4,"column":4},"end":{"line":4,"column":5}},"loc":{"start":{"line":4,"column":27},"end":{"line":38,"column":5}},"line":4},"1":{"name":"(anonymous_1)","decl":{"start":{"line":40,"column":4},"end":{"line":40,"column":5}},"loc":{"start":{"line":40,"column":25},"end":{"line":52,"column":5}},"line":40}},"branchMap":{},"s":{"0":2,"1":2,"2":1,"3":1,"4":1,"5":1},"f":{"0":1,"1":1},"b":{},"_coverageSchema":"1a1c01bbd47fc00a2c39e90264f33305004495a9","hash":"486ff442fa384a16b90e529fb83d2ccc3384fd20"}
,"/Users/sb/study/nodebird/routes/middlewares.js": {"path":"/Users/sb/study/nodebird/routes/middlewares.js","statementMap":{"0":{"start":{"line":3,"column":0},"end":{"line":10,"column":2}},"1":{"start":{"line":5,"column":4},"end":{"line":9,"column":5}},"2":{"start":{"line":6,"column":8},"end":{"line":6,"column":15}},"3":{"start":{"line":8,"column":8},"end":{"line":8,"column":39}},"4":{"start":{"line":13,"column":0},"end":{"line":20,"column":2}},"5":{"start":{"line":14,"column":4},"end":{"line":19,"column":5}},"6":{"start":{"line":15,"column":8},"end":{"line":15,"column":15}},"7":{"start":{"line":17,"column":24},"end":{"line":17,"column":57}},"8":{"start":{"line":18,"column":8},"end":{"line":18,"column":43}}},"fnMap":{"0":{"name":"(anonymous_0)","decl":{"start":{"line":3,"column":21},"end":{"line":3,"column":22}},"loc":{"start":{"line":3,"column":41},"end":{"line":10,"column":1}},"line":3},"1":{"name":"(anonymous_1)","decl":{"start":{"line":13,"column":24},"end":{"line":13,"column":25}},"loc":{"start":{"line":13,"column":44},"end":{"line":20,"column":1}},"line":13}},"branchMap":{"0":{"loc":{"start":{"line":5,"column":4},"end":{"line":9,"column":5}},"type":"if","locations":[{"start":{"line":5,"column":4},"end":{"line":9,"column":5}},{"start":{"line":5,"column":4},"end":{"line":9,"column":5}}],"line":5},"1":{"loc":{"start":{"line":14,"column":4},"end":{"line":19,"column":5}},"type":"if","locations":[{"start":{"line":14,"column":4},"end":{"line":19,"column":5}},{"start":{"line":14,"column":4},"end":{"line":19,"column":5}}],"line":14}},"s":{"0":1,"1":2,"2":1,"3":1,"4":1,"5":2,"6":1,"7":1,"8":1},"f":{"0":2,"1":2},"b":{"0":[1,1],"1":[1,1]},"_coverageSchema":"1a1c01bbd47fc00a2c39e90264f33305004495a9","hash":"5c9918498969dfbdf2457841ef98015aff1a89fa"}
}
