TN:
SF:config/config.js
FNF:0
FNH:0
DA:1,1
DA:3,1
LF:2
LH:2
BRF:0
BRH:0
end_of_record
TN:
SF:controllers/user.js
FN:5,(anonymous_0)
FNF:1
FNH:1
FNDA:2,(anonymous_0)
DA:3,1
DA:5,1
DA:6,2
DA:7,2
DA:8,1
DA:10,1
DA:11,1
DA:13,0
DA:16,1
DA:17,1
LF:10
LH:9
BRDA:8,0,0,1
BRDA:8,0,1,0
BRF:2
BRH:1
end_of_record
TN:
SF:models/user.js
FN:4,(anonymous_0)
FN:40,(anonymous_1)
FNF:2
FNH:2
FNDA:1,(anonymous_0)
FNDA:1,(anonymous_1)
DA:1,2
DA:3,2
DA:5,1
DA:41,1
DA:42,1
DA:47,1
LF:6
LH:6
BRF:0
BRH:0
end_of_record
TN:
SF:routes/middlewares.js
FN:2,(anonymous_0)
FN:12,(anonymous_1)
FNF:2
FNH:2
FNDA:2,(anonymous_0)
FNDA:2,(anonymous_1)
DA:2,1
DA:4,2
DA:5,1
DA:7,1
DA:12,1
DA:13,2
DA:14,1
DA:16,1
DA:17,1
LF:9
LH:9
BRDA:4,0,0,1
BRDA:4,0,1,1
BRDA:13,1,0,1
BRDA:13,1,1,1
BRF:4
BRH:4
end_of_record
